Arguments: 
  /Users/bblake/Library/Application Support/fnm/node-versions/v16.14.0/installation/bin/node /Users/bblake/Library/Caches/fnm_multishells/40124_1658919563163/bin/yarn init --all

PATH: 
  /Users/bblake/.bun/bin:/opt/homebrew/lib/ruby/gems/3.0.0/bin/pod:/opt/homebrew/opt/ruby/bin:/Users/bblake/Library/Android/sdk/platform-tools:/Users/bblake/Library/Android/sdk/cmdline-tools/latest/bin:/Users/bblake/Library/Android/sdk/emulator:/Users/bblake/.pyenv/shims:/Users/bblake/Library/Caches/fnm_multishells/40124_1658919563163/bin:/opt/homebrew/bin:/opt/homebrew/sbin:/usr/local/bin:/usr/bin:/bin:/usr/sbin:/sbin:/Library/Apple/usr/bin:/Users/bblake/.bun/bin:/opt/homebrew/lib/ruby/gems/3.0.0/bin/pod:/opt/homebrew/opt/ruby/bin:/Users/bblake/Library/Android/sdk/platform-tools:/Users/bblake/Library/Android/sdk/cmdline-tools/latest/bin:/Users/bblake/Library/Android/sdk/emulator:/Users/bblake/Library/Caches/fnm_multishells/38894_1658916874658/bin:/opt/homebrew/bin:/opt/homebrew/sbin:/Applications/Visual Studio Code.app/Contents/Resources/app/bin:/Applications/Visual Studio Code.app/Contents/Resources/app/bin

Yarn version: 
  1.22.19

Node version: 
  16.14.0

Platform: 
  darwin arm64

Trace: 
  Error: canceled
      at Interface.<anonymous> (/Users/bblake/Library/Application Support/fnm/node-versions/v16.14.0/installation/lib/node_modules/yarn/lib/cli.js:137150:13)
      at Interface.emit (node:events:520:28)
      at Interface._ttyWrite (node:readline:1081:16)
      at ReadStream.onkeypress (node:readline:288:10)
      at ReadStream.emit (node:events:520:28)
      at emitKeys (node:internal/readline/utils:358:14)
      at emitKeys.next (<anonymous>)
      at ReadStream.onData (node:internal/readline/emitKeypressEvents:61:36)
      at ReadStream.emit (node:events:520:28)
      at addChunk (node:internal/streams/readable:315:12)

npm manifest: 
  No manifest

yarn manifest: 
  No manifest

Lockfile: 
  No lockfile
